/* ESATAN-TMS version 2018 sp1, run date 18:37 Mon 19 Dec 2022 */
BEGIN_MODEL FinalModel
/* END_MODEL */
/* ESATAN-TMS version 2018 sp1, run date 18:39 Mon 19 Dec 2022 */
/* BEGIN_MODEL FinalModel */
/* /* END_MODEL */ */
/* ESATAN-TMS version 2018 sp1, run date 12:06 Wed 15 Feb 2023 */
/* BEGIN_MODEL FinalModel */
REPORT_ALL_OBJECTS();
REPORT_HIERARCHY();
REPORT_RADIATIVE_MODEL();
/* ESATAN-TMS version 2018 sp1, run date 13:48 Sun 19 Mar 2023 */
/* BEGIN_MODEL FinalModel */
/* END_MODEL */
/* ESATAN-TMS version 2018 sp1, run date 19:00 Tue 21 Mar 2023 */
/* BEGIN_MODEL FinalModel */
/* END_MODEL */
/* ESATAN-TMS version 2018 sp1, run date 13:26 Mon 27 Mar 2023 */
/* BEGIN_MODEL FinalModel */
/* END_MODEL */
/* ESATAN-TMS version 2018 sp1, run date 13:26 Mon 27 Mar 2023 */
/* BEGIN_MODEL FinalModel */
END_MODEL
